<?xml version="1.0" encoding="UTF-8"?>
<testng-results ignored="0" total="7" passed="7" failed="0" skipped="0">
  <reporter-output>
  </reporter-output>
  <suite started-at="2022-01-15T15:33:10 EST" name="Suite" finished-at="2022-01-15T15:34:03 EST" duration-ms="53545">
    <groups>
      <group name="cucumber">
        <method signature="AbstractTestNGCucumberTests.runScenario(io.cucumber.testng.PickleWrapper, io.cucumber.testng.FeatureWrapper)[pri:0, instance:com.osa.runners.RegressionTest@2892d68]" name="runScenario" class="io.cucumber.testng.AbstractTestNGCucumberTests"/>
      </group> <!-- cucumber -->
    </groups>
    <test started-at="2022-01-15T15:33:10 EST" name="Test" finished-at="2022-01-15T15:34:03 EST" duration-ms="53545">
      <class name="com.osa.runners.RegressionTest">
        <test-method is-config="true" signature="setJDBC()[pri:0, instance:com.osa.runners.RegressionTest@2892d68]" started-at="2022-01-15T15:33:10 EST" name="setJDBC" finished-at="2022-01-15T15:33:10 EST" duration-ms="15" status="PASS">
          <reporter-output>
          </reporter-output>
        </test-method> <!-- setJDBC -->
        <test-method is-config="true" signature="setUpClass()[pri:0, instance:com.osa.runners.RegressionTest@2892d68]" started-at="2022-01-15T15:33:10 EST" name="setUpClass" finished-at="2022-01-15T15:33:10 EST" duration-ms="399" status="PASS">
          <reporter-output>
          </reporter-output>
        </test-method> <!-- setUpClass -->
        <test-method signature="runScenario(io.cucumber.testng.PickleWrapper, io.cucumber.testng.FeatureWrapper)[pri:0, instance:com.osa.runners.RegressionTest@2892d68]" started-at="2022-01-15T15:33:10 EST" name="runScenario" description="Runs Cucumber Scenarios" data-provider="scenarios" finished-at="2022-01-15T15:33:25 EST" duration-ms="15075" status="PASS">
          <params>
            <param index="0">
              <value>
                <![CDATA["Only registered students can login the Osa_page and able to check all the interview_questions with valid username and password."]]>
              </value>
            </param>
            <param index="1">
              <value>
                <![CDATA["Login into Osa Forum page feature"]]>
              </value>
            </param>
          </params>
          <reporter-output>
          </reporter-output>
        </test-method> <!-- runScenario -->
        <test-method signature="runScenario(io.cucumber.testng.PickleWrapper, io.cucumber.testng.FeatureWrapper)[pri:0, instance:com.osa.runners.RegressionTest@2892d68]" started-at="2022-01-15T15:33:25 EST" name="runScenario" description="Runs Cucumber Scenarios" data-provider="scenarios" finished-at="2022-01-15T15:33:32 EST" duration-ms="6709" status="PASS">
          <params>
            <param index="0">
              <value>
                <![CDATA["Without registration anyone not able to login the Osa_page."]]>
              </value>
            </param>
            <param index="1">
              <value>
                <![CDATA["Login into Osa Forum page feature"]]>
              </value>
            </param>
          </params>
          <reporter-output>
          </reporter-output>
        </test-method> <!-- runScenario -->
        <test-method signature="runScenario(io.cucumber.testng.PickleWrapper, io.cucumber.testng.FeatureWrapper)[pri:0, instance:com.osa.runners.RegressionTest@2892d68]" started-at="2022-01-15T15:33:32 EST" name="runScenario" description="Runs Cucumber Scenarios" data-provider="scenarios" finished-at="2022-01-15T15:33:38 EST" duration-ms="6099" status="PASS">
          <params>
            <param index="0">
              <value>
                <![CDATA["Without registration anyone not able to login the Osa_page."]]>
              </value>
            </param>
            <param index="1">
              <value>
                <![CDATA["Login into Osa Forum page feature"]]>
              </value>
            </param>
          </params>
          <reporter-output>
          </reporter-output>
        </test-method> <!-- runScenario -->
        <test-method signature="runScenario(io.cucumber.testng.PickleWrapper, io.cucumber.testng.FeatureWrapper)[pri:0, instance:com.osa.runners.RegressionTest@2892d68]" started-at="2022-01-15T15:33:38 EST" name="runScenario" description="Runs Cucumber Scenarios" data-provider="scenarios" finished-at="2022-01-15T15:33:44 EST" duration-ms="5987" status="PASS">
          <params>
            <param index="0">
              <value>
                <![CDATA["Without registration anyone not able to login the Osa_page."]]>
              </value>
            </param>
            <param index="1">
              <value>
                <![CDATA["Login into Osa Forum page feature"]]>
              </value>
            </param>
          </params>
          <reporter-output>
          </reporter-output>
        </test-method> <!-- runScenario -->
        <test-method signature="runScenario(io.cucumber.testng.PickleWrapper, io.cucumber.testng.FeatureWrapper)[pri:0, instance:com.osa.runners.RegressionTest@2892d68]" started-at="2022-01-15T15:33:44 EST" name="runScenario" description="Runs Cucumber Scenarios" data-provider="scenarios" finished-at="2022-01-15T15:33:49 EST" duration-ms="4960" status="PASS">
          <params>
            <param index="0">
              <value>
                <![CDATA["Verify the Osa home page title"]]>
              </value>
            </param>
            <param index="1">
              <value>
                <![CDATA["Verifying our Osa pages title"]]>
              </value>
            </param>
          </params>
          <reporter-output>
          </reporter-output>
        </test-method> <!-- runScenario -->
        <test-method signature="runScenario(io.cucumber.testng.PickleWrapper, io.cucumber.testng.FeatureWrapper)[pri:0, instance:com.osa.runners.RegressionTest@2892d68]" started-at="2022-01-15T15:33:49 EST" name="runScenario" description="Runs Cucumber Scenarios" data-provider="scenarios" finished-at="2022-01-15T15:33:55 EST" duration-ms="6274" status="PASS">
          <params>
            <param index="0">
              <value>
                <![CDATA["Verify the about page Title"]]>
              </value>
            </param>
            <param index="1">
              <value>
                <![CDATA["Verifying our Osa pages title"]]>
              </value>
            </param>
          </params>
          <reporter-output>
          </reporter-output>
        </test-method> <!-- runScenario -->
        <test-method signature="runScenario(io.cucumber.testng.PickleWrapper, io.cucumber.testng.FeatureWrapper)[pri:0, instance:com.osa.runners.RegressionTest@2892d68]" started-at="2022-01-15T15:33:55 EST" name="runScenario" description="Runs Cucumber Scenarios" data-provider="scenarios" finished-at="2022-01-15T15:34:01 EST" duration-ms="6194" status="PASS">
          <params>
            <param index="0">
              <value>
                <![CDATA["We will test forum login for invaild credentials."]]>
              </value>
            </param>
            <param index="1">
              <value>
                <![CDATA["Allow to login registered members with vaild credentials."]]>
              </value>
            </param>
          </params>
          <reporter-output>
          </reporter-output>
        </test-method> <!-- runScenario -->
        <test-method is-config="true" signature="tearDownClass()[pri:0, instance:com.osa.runners.RegressionTest@2892d68]" started-at="2022-01-15T15:34:01 EST" name="tearDownClass" finished-at="2022-01-15T15:34:03 EST" duration-ms="1798" status="PASS">
          <reporter-output>
          </reporter-output>
        </test-method> <!-- tearDownClass -->
        <test-method is-config="true" signature="emailReports()[pri:0, instance:com.osa.runners.RegressionTest@2892d68]" started-at="2022-01-15T15:34:03 EST" name="emailReports" finished-at="2022-01-15T15:34:03 EST" duration-ms="0" status="PASS">
          <reporter-output>
          </reporter-output>
        </test-method> <!-- emailReports -->
      </class> <!-- com.osa.runners.RegressionTest -->
    </test> <!-- Test -->
  </suite> <!-- Suite -->
</testng-results>
